<?xml version="1.0" encoding="UTF-8"?>
<testsuites name="jest tests" tests="5" failures="0" time="3.873">
  <testsuite name="pageRecucer" errors="0" failures="0" skipped="0" timestamp="2019-11-28T21:17:48" time="2.289" tests="5">
    <testcase classname="pageRecucer test setTodo" name="pageRecucer test setTodo" time="0.006">
    </testcase>
    <testcase classname="pageRecucer test deleteItem" name="pageRecucer test deleteItem" time="0.001">
    </testcase>
    <testcase classname="pageRecucer test toogle" name="pageRecucer test toogle" time="0">
    </testcase>
    <testcase classname="pageRecucer test fetchTodoSuccess" name="pageRecucer test fetchTodoSuccess" time="0.001">
    </testcase>
    <testcase classname="pageRecucer test default" name="pageRecucer test default" time="0.001">
    </testcase>
  </testsuite>
</testsuites>