<?xml version="1.0" encoding="UTF-8"?>
<testsuites name="jest tests" tests="7" failures="0" time="8.712">
  <testsuite name="pageRecucer" errors="0" failures="0" skipped="0" timestamp="2019-11-29T08:20:23" time="2.285" tests="5">
    <testcase classname="pageRecucer test setTodo" name="pageRecucer test setTodo" time="0.011">
    </testcase>
    <testcase classname="pageRecucer test deleteItem" name="pageRecucer test deleteItem" time="0.001">
    </testcase>
    <testcase classname="pageRecucer test toogle" name="pageRecucer test toogle" time="0.001">
    </testcase>
    <testcase classname="pageRecucer test fetchTodoSuccess" name="pageRecucer test fetchTodoSuccess" time="0.001">
    </testcase>
    <testcase classname="pageRecucer test default" name="pageRecucer test default" time="0.001">
    </testcase>
  </testsuite>
  <testsuite name="Footer" errors="0" failures="0" skipped="0" timestamp="2019-11-29T08:20:23" time="2.349" tests="2">
    <testcase classname="Footer render footer name" name="Footer render footer name" time="0.016">
    </testcase>
    <testcase classname="Footer render footer github" name="Footer render footer github" time="0.002">
    </testcase>
  </testsuite>
</testsuites>